<?xml version="1.0" encoding="UTF-8"?>
<testsuite xmlns:xsi="http://www.w3.org/2001/XMLSchema-instance" xsi:noNamespaceSchemaLocation="https://maven.apache.org/surefire/maven-surefire-plugin/xsd/surefire-test-report.xsd" name="ncepu.lykkk.exercise.AppTest" time="0.049" tests="1" errors="0" skipped="0" failures="0">
  <properties>
    <property name="sun.desktop" value="windows"/>
    <property name="awt.toolkit" value="sun.awt.windows.WToolkit"/>
    <property name="file.encoding.pkg" value="sun.io"/>
    <property name="java.specification.version" value="1.8"/>
    <property name="sun.cpu.isalist" value="amd64"/>
    <property name="sun.jnu.encoding" value="GBK"/>
    <property name="java.class.path" value="F:\SpringCloudProjects\spring-cloud-exercise\lyk-spring-boot-starter\target\test-classes;F:\SpringCloudProjects\spring-cloud-exercise\lyk-spring-boot-starter\target\classes;F:\Maven\.m2\repository\junit\junit\4.11\junit-4.11.jar;F:\Maven\.m2\repository\org\hamcrest\hamcrest-core\2.2\hamcrest-core-2.2.jar;F:\Maven\.m2\repository\org\hamcrest\hamcrest\2.2\hamcrest-2.2.jar;F:\Maven\.m2\repository\org\springframework\boot\spring-boot-starter-web\2.6.1\spring-boot-starter-web-2.6.1.jar;F:\Maven\.m2\repository\org\springframework\boot\spring-boot-starter-json\2.6.3\spring-boot-starter-json-2.6.3.jar;F:\Maven\.m2\repository\com\fasterxml\jackson\core\jackson-databind\2.13.1\jackson-databind-2.13.1.jar;F:\Maven\.m2\repository\com\fasterxml\jackson\core\jackson-core\2.13.1\jackson-core-2.13.1.jar;F:\Maven\.m2\repository\com\fasterxml\jackson\datatype\jackson-datatype-jdk8\2.13.1\jackson-datatype-jdk8-2.13.1.jar;F:\Maven\.m2\repository\com\fasterxml\jackson\datatype\jackson-datatype-jsr310\2.13.1\jackson-datatype-jsr310-2.13.1.jar;F:\Maven\.m2\repository\com\fasterxml\jackson\module\jackson-module-parameter-names\2.13.1\jackson-module-parameter-names-2.13.1.jar;F:\Maven\.m2\repository\org\springframework\boot\spring-boot-starter-tomcat\2.6.3\spring-boot-starter-tomcat-2.6.3.jar;F:\Maven\.m2\repository\org\apache\tomcat\embed\tomcat-embed-core\9.0.56\tomcat-embed-core-9.0.56.jar;F:\Maven\.m2\repository\org\apache\tomcat\embed\tomcat-embed-el\9.0.56\tomcat-embed-el-9.0.56.jar;F:\Maven\.m2\repository\org\apache\tomcat\embed\tomcat-embed-websocket\9.0.56\tomcat-embed-websocket-9.0.56.jar;F:\Maven\.m2\repository\org\springframework\spring-web\5.3.15\spring-web-5.3.15.jar;F:\Maven\.m2\repository\org\springframework\spring-beans\5.3.15\spring-beans-5.3.15.jar;F:\Maven\.m2\repository\org\springframework\spring-webmvc\5.3.15\spring-webmvc-5.3.15.jar;F:\Maven\.m2\repository\org\springframework\spring-aop\5.3.15\spring-aop-5.3.15.jar;F:\Maven\.m2\repository\org\springframework\spring-context\5.3.15\spring-context-5.3.15.jar;F:\Maven\.m2\repository\org\springframework\spring-expression\5.3.15\spring-expression-5.3.15.jar;F:\Maven\.m2\repository\org\springframework\boot\spring-boot-configuration-processor\2.6.3\spring-boot-configuration-processor-2.6.3.jar;F:\Maven\.m2\repository\org\springframework\boot\spring-boot-starter\2.6.3\spring-boot-starter-2.6.3.jar;F:\Maven\.m2\repository\org\springframework\boot\spring-boot\2.6.3\spring-boot-2.6.3.jar;F:\Maven\.m2\repository\org\springframework\boot\spring-boot-starter-logging\2.6.3\spring-boot-starter-logging-2.6.3.jar;F:\Maven\.m2\repository\ch\qos\logback\logback-classic\1.2.10\logback-classic-1.2.10.jar;F:\Maven\.m2\repository\ch\qos\logback\logback-core\1.2.10\logback-core-1.2.10.jar;F:\Maven\.m2\repository\org\apache\logging\log4j\log4j-to-slf4j\2.17.1\log4j-to-slf4j-2.17.1.jar;F:\Maven\.m2\repository\org\apache\logging\log4j\log4j-api\2.17.1\log4j-api-2.17.1.jar;F:\Maven\.m2\repository\org\slf4j\jul-to-slf4j\1.7.33\jul-to-slf4j-1.7.33.jar;F:\Maven\.m2\repository\jakarta\annotation\jakarta.annotation-api\1.3.5\jakarta.annotation-api-1.3.5.jar;F:\Maven\.m2\repository\org\springframework\spring-core\5.3.15\spring-core-5.3.15.jar;F:\Maven\.m2\repository\org\springframework\spring-jcl\5.3.15\spring-jcl-5.3.15.jar;F:\Maven\.m2\repository\org\yaml\snakeyaml\1.29\snakeyaml-1.29.jar;F:\Maven\.m2\repository\org\springframework\boot\spring-boot-autoconfigure\2.6.3\spring-boot-autoconfigure-2.6.3.jar;F:\Maven\.m2\repository\org\projectlombok\lombok\1.16.18\lombok-1.16.18.jar;F:\Maven\.m2\repository\io\springfox\springfox-swagger2\2.9.2\springfox-swagger2-2.9.2.jar;F:\Maven\.m2\repository\io\swagger\swagger-annotations\1.5.20\swagger-annotations-1.5.20.jar;F:\Maven\.m2\repository\io\swagger\swagger-models\1.5.20\swagger-models-1.5.20.jar;F:\Maven\.m2\repository\com\fasterxml\jackson\core\jackson-annotations\2.13.1\jackson-annotations-2.13.1.jar;F:\Maven\.m2\repository\io\springfox\springfox-spi\2.9.2\springfox-spi-2.9.2.jar;F:\Maven\.m2\repository\io\springfox\springfox-core\2.9.2\springfox-core-2.9.2.jar;F:\Maven\.m2\repository\net\bytebuddy\byte-buddy\1.11.22\byte-buddy-1.11.22.jar;F:\Maven\.m2\repository\io\springfox\springfox-schema\2.9.2\springfox-schema-2.9.2.jar;F:\Maven\.m2\repository\io\springfox\springfox-swagger-common\2.9.2\springfox-swagger-common-2.9.2.jar;F:\Maven\.m2\repository\io\springfox\springfox-spring-web\2.9.2\springfox-spring-web-2.9.2.jar;F:\Maven\.m2\repository\com\google\guava\guava\20.0\guava-20.0.jar;F:\Maven\.m2\repository\com\fasterxml\classmate\1.5.1\classmate-1.5.1.jar;F:\Maven\.m2\repository\org\slf4j\slf4j-api\1.7.33\slf4j-api-1.7.33.jar;F:\Maven\.m2\repository\org\springframework\plugin\spring-plugin-core\1.2.0.RELEASE\spring-plugin-core-1.2.0.RELEASE.jar;F:\Maven\.m2\repository\org\springframework\plugin\spring-plugin-metadata\1.2.0.RELEASE\spring-plugin-metadata-1.2.0.RELEASE.jar;F:\Maven\.m2\repository\org\mapstruct\mapstruct\1.2.0.Final\mapstruct-1.2.0.Final.jar;F:\Maven\.m2\repository\com\github\xiaoymin\swagger-bootstrap-ui\1.9.6\swagger-bootstrap-ui-1.9.6.jar;F:\Maven\.m2\repository\org\javassist\javassist\3.25.0-GA\javassist-3.25.0-GA.jar;"/>
    <property name="java.vm.vendor" value="Oracle Corporation"/>
    <property name="sun.arch.data.model" value="64"/>
    <property name="user.variant" value=""/>
    <property name="java.vendor.url" value="http://java.oracle.com/"/>
    <property name="user.timezone" value="Asia/Shanghai"/>
    <property name="java.vm.specification.version" value="1.8"/>
    <property name="os.name" value="Windows 10"/>
    <property name="user.country" value="CN"/>
    <property name="sun.java.launcher" value="SUN_STANDARD"/>
    <property name="sun.boot.library.path" value="C:\Program Files\Java\jdk1.8.0_181\jre\bin"/>
    <property name="sun.java.command" value="C:\Users\HP\AppData\Local\Temp\surefire4979268799865369957\surefirebooter2629391573464615666.jar C:\Users\HP\AppData\Local\Temp\surefire4979268799865369957 2022-02-23T23-02-52_984-jvmRun1 surefire5335904590484282753tmp surefire_04442411423090130534tmp"/>
    <property name="surefire.test.class.path" value="F:\SpringCloudProjects\spring-cloud-exercise\lyk-spring-boot-starter\target\test-classes;F:\SpringCloudProjects\spring-cloud-exercise\lyk-spring-boot-starter\target\classes;F:\Maven\.m2\repository\junit\junit\4.11\junit-4.11.jar;F:\Maven\.m2\repository\org\hamcrest\hamcrest-core\2.2\hamcrest-core-2.2.jar;F:\Maven\.m2\repository\org\hamcrest\hamcrest\2.2\hamcrest-2.2.jar;F:\Maven\.m2\repository\org\springframework\boot\spring-boot-starter-web\2.6.1\spring-boot-starter-web-2.6.1.jar;F:\Maven\.m2\repository\org\springframework\boot\spring-boot-starter-json\2.6.3\spring-boot-starter-json-2.6.3.jar;F:\Maven\.m2\repository\com\fasterxml\jackson\core\jackson-databind\2.13.1\jackson-databind-2.13.1.jar;F:\Maven\.m2\repository\com\fasterxml\jackson\core\jackson-core\2.13.1\jackson-core-2.13.1.jar;F:\Maven\.m2\repository\com\fasterxml\jackson\datatype\jackson-datatype-jdk8\2.13.1\jackson-datatype-jdk8-2.13.1.jar;F:\Maven\.m2\repository\com\fasterxml\jackson\datatype\jackson-datatype-jsr310\2.13.1\jackson-datatype-jsr310-2.13.1.jar;F:\Maven\.m2\repository\com\fasterxml\jackson\module\jackson-module-parameter-names\2.13.1\jackson-module-parameter-names-2.13.1.jar;F:\Maven\.m2\repository\org\springframework\boot\spring-boot-starter-tomcat\2.6.3\spring-boot-starter-tomcat-2.6.3.jar;F:\Maven\.m2\repository\org\apache\tomcat\embed\tomcat-embed-core\9.0.56\tomcat-embed-core-9.0.56.jar;F:\Maven\.m2\repository\org\apache\tomcat\embed\tomcat-embed-el\9.0.56\tomcat-embed-el-9.0.56.jar;F:\Maven\.m2\repository\org\apache\tomcat\embed\tomcat-embed-websocket\9.0.56\tomcat-embed-websocket-9.0.56.jar;F:\Maven\.m2\repository\org\springframework\spring-web\5.3.15\spring-web-5.3.15.jar;F:\Maven\.m2\repository\org\springframework\spring-beans\5.3.15\spring-beans-5.3.15.jar;F:\Maven\.m2\repository\org\springframework\spring-webmvc\5.3.15\spring-webmvc-5.3.15.jar;F:\Maven\.m2\repository\org\springframework\spring-aop\5.3.15\spring-aop-5.3.15.jar;F:\Maven\.m2\repository\org\springframework\spring-context\5.3.15\spring-context-5.3.15.jar;F:\Maven\.m2\repository\org\springframework\spring-expression\5.3.15\spring-expression-5.3.15.jar;F:\Maven\.m2\repository\org\springframework\boot\spring-boot-configuration-processor\2.6.3\spring-boot-configuration-processor-2.6.3.jar;F:\Maven\.m2\repository\org\springframework\boot\spring-boot-starter\2.6.3\spring-boot-starter-2.6.3.jar;F:\Maven\.m2\repository\org\springframework\boot\spring-boot\2.6.3\spring-boot-2.6.3.jar;F:\Maven\.m2\repository\org\springframework\boot\spring-boot-starter-logging\2.6.3\spring-boot-starter-logging-2.6.3.jar;F:\Maven\.m2\repository\ch\qos\logback\logback-classic\1.2.10\logback-classic-1.2.10.jar;F:\Maven\.m2\repository\ch\qos\logback\logback-core\1.2.10\logback-core-1.2.10.jar;F:\Maven\.m2\repository\org\apache\logging\log4j\log4j-to-slf4j\2.17.1\log4j-to-slf4j-2.17.1.jar;F:\Maven\.m2\repository\org\apache\logging\log4j\log4j-api\2.17.1\log4j-api-2.17.1.jar;F:\Maven\.m2\repository\org\slf4j\jul-to-slf4j\1.7.33\jul-to-slf4j-1.7.33.jar;F:\Maven\.m2\repository\jakarta\annotation\jakarta.annotation-api\1.3.5\jakarta.annotation-api-1.3.5.jar;F:\Maven\.m2\repository\org\springframework\spring-core\5.3.15\spring-core-5.3.15.jar;F:\Maven\.m2\repository\org\springframework\spring-jcl\5.3.15\spring-jcl-5.3.15.jar;F:\Maven\.m2\repository\org\yaml\snakeyaml\1.29\snakeyaml-1.29.jar;F:\Maven\.m2\repository\org\springframework\boot\spring-boot-autoconfigure\2.6.3\spring-boot-autoconfigure-2.6.3.jar;F:\Maven\.m2\repository\org\projectlombok\lombok\1.16.18\lombok-1.16.18.jar;F:\Maven\.m2\repository\io\springfox\springfox-swagger2\2.9.2\springfox-swagger2-2.9.2.jar;F:\Maven\.m2\repository\io\swagger\swagger-annotations\1.5.20\swagger-annotations-1.5.20.jar;F:\Maven\.m2\repository\io\swagger\swagger-models\1.5.20\swagger-models-1.5.20.jar;F:\Maven\.m2\repository\com\fasterxml\jackson\core\jackson-annotations\2.13.1\jackson-annotations-2.13.1.jar;F:\Maven\.m2\repository\io\springfox\springfox-spi\2.9.2\springfox-spi-2.9.2.jar;F:\Maven\.m2\repository\io\springfox\springfox-core\2.9.2\springfox-core-2.9.2.jar;F:\Maven\.m2\repository\net\bytebuddy\byte-buddy\1.11.22\byte-buddy-1.11.22.jar;F:\Maven\.m2\repository\io\springfox\springfox-schema\2.9.2\springfox-schema-2.9.2.jar;F:\Maven\.m2\repository\io\springfox\springfox-swagger-common\2.9.2\springfox-swagger-common-2.9.2.jar;F:\Maven\.m2\repository\io\springfox\springfox-spring-web\2.9.2\springfox-spring-web-2.9.2.jar;F:\Maven\.m2\repository\com\google\guava\guava\20.0\guava-20.0.jar;F:\Maven\.m2\repository\com\fasterxml\classmate\1.5.1\classmate-1.5.1.jar;F:\Maven\.m2\repository\org\slf4j\slf4j-api\1.7.33\slf4j-api-1.7.33.jar;F:\Maven\.m2\repository\org\springframework\plugin\spring-plugin-core\1.2.0.RELEASE\spring-plugin-core-1.2.0.RELEASE.jar;F:\Maven\.m2\repository\org\springframework\plugin\spring-plugin-metadata\1.2.0.RELEASE\spring-plugin-metadata-1.2.0.RELEASE.jar;F:\Maven\.m2\repository\org\mapstruct\mapstruct\1.2.0.Final\mapstruct-1.2.0.Final.jar;F:\Maven\.m2\repository\com\github\xiaoymin\swagger-bootstrap-ui\1.9.6\swagger-bootstrap-ui-1.9.6.jar;F:\Maven\.m2\repository\org\javassist\javassist\3.25.0-GA\javassist-3.25.0-GA.jar;"/>
    <property name="sun.cpu.endian" value="little"/>
    <property name="user.home" value="C:\Users\HP"/>
    <property name="user.language" value="zh"/>
    <property name="java.specification.vendor" value="Oracle Corporation"/>
    <property name="java.home" value="C:\Program Files\Java\jdk1.8.0_181\jre"/>
    <property name="basedir" value="F:\SpringCloudProjects\spring-cloud-exercise\lyk-spring-boot-starter"/>
    <property name="file.separator" value="\"/>
    <property name="line.separator" value="&#10;"/>
    <property name="java.vm.specification.vendor" value="Oracle Corporation"/>
    <property name="java.specification.name" value="Java Platform API Specification"/>
    <property name="java.awt.graphicsenv" value="sun.awt.Win32GraphicsEnvironment"/>
    <property name="surefire.real.class.path" value="C:\Users\HP\AppData\Local\Temp\surefire4979268799865369957\surefirebooter2629391573464615666.jar"/>
    <property name="sun.boot.class.path" value="C:\Program Files\Java\jdk1.8.0_181\jre\lib\resources.jar;C:\Program Files\Java\jdk1.8.0_181\jre\lib\rt.jar;C:\Program Files\Java\jdk1.8.0_181\jre\lib\sunrsasign.jar;C:\Program Files\Java\jdk1.8.0_181\jre\lib\jsse.jar;C:\Program Files\Java\jdk1.8.0_181\jre\lib\jce.jar;C:\Program Files\Java\jdk1.8.0_181\jre\lib\charsets.jar;C:\Program Files\Java\jdk1.8.0_181\jre\lib\jfr.jar;C:\Program Files\Java\jdk1.8.0_181\jre\classes"/>
    <property name="user.script" value=""/>
    <property name="sun.management.compiler" value="HotSpot 64-Bit Tiered Compilers"/>
    <property name="java.runtime.version" value="1.8.0_181-b13"/>
    <property name="user.name" value="HP"/>
    <property name="path.separator" value=";"/>
    <property name="os.version" value="10.0"/>
    <property name="java.endorsed.dirs" value="C:\Program Files\Java\jdk1.8.0_181\jre\lib\endorsed"/>
    <property name="java.runtime.name" value="Java(TM) SE Runtime Environment"/>
    <property name="file.encoding" value="GBK"/>
    <property name="java.vm.name" value="Java HotSpot(TM) 64-Bit Server VM"/>
    <property name="localRepository" value="F:\Maven\.m2\repository"/>
    <property name="java.vendor.url.bug" value="http://bugreport.sun.com/bugreport/"/>
    <property name="java.io.tmpdir" value="C:\Users\HP\AppData\Local\Temp\"/>
    <property name="idea.version" value="2021.1.3"/>
    <property name="java.version" value="1.8.0_181"/>
    <property name="user.dir" value="F:\SpringCloudProjects\spring-cloud-exercise\lyk-spring-boot-starter"/>
    <property name="os.arch" value="amd64"/>
    <property name="java.vm.specification.name" value="Java Virtual Machine Specification"/>
    <property name="java.awt.printerjob" value="sun.awt.windows.WPrinterJob"/>
    <property name="sun.os.patch.level" value=""/>
    <property name="java.library.path" value="C:\Program Files\Java\jdk1.8.0_181\jre\bin;C:\WINDOWS\Sun\Java\bin;C:\WINDOWS\system32;C:\WINDOWS;C:\Program Files (x86)\NVIDIA Corporation\PhysX\Common;F:\oracle\product\11.2.0\dbhome_1\bin;F:\OracleDatabase\product\11.2.0\dbhome_1\bin;F:\oracle\database\product\11.2.0\dbhome_1\bin;F:\oracle\product\11.2.0\dbhome_2\bin;C:\Program Files\Java\jdk1.8.0_181\bin;C:\Program Files (x86)\Common Files\Oracle\Java\javapath;F:\JAVA\其他\JAVA程序\bin;%Sy;temR;C:\Program Files\Microsoft SQL Server\110\Tools\Binn\;C:\Program Files\MySQL\MySQL Server 5.7\bin;C:\Windows\System32;F:\opencv\build\x86\vc12\bin;F:\redis\Redis-x64-3.2.100;C:\Program Files\dotnet\;C:\Program Files\Microsoft SQL Server\130\Tools\Binn\;C:\Program Files\Microsoft SQL Server\Client SDK\ODBC\170\Tools\Binn\;C:\Program Files\Intel\WiFi\bin\;C:\Program Files\Common Files\Intel\WirelessCommon\;C:\WINDOWS;C:\WINDOWS\system32\wbem;C:\WINDOWS\system32;C:\WINDOWS\System32\Wbem;C:\WINDOWS\System32\WindowsPowerShell\v1.0\;C:\WINDOWS\System32\OpenSSH\;F:\MinGW\bin;C:\Users\HP\AppData\Local\Google\Chrome\Application;F:\MongoDB\MongoDB\bin;F:\Python\python38;F:\Python\python38\Scripts;F:\Maven\apache-maven-3.6.3\bin;F:\nodejs\;F:\VMware\vagrant\bin;F:\Xshell\NetSarang\Xshell 7\;F:\Git\cmd;F:\TortoiseSVN\bin;C:\Program Files\NVIDIA Corporation\NVIDIA NvDLISR;D:\Anaconda\Anaconda3\bin;D:\Anaconda\Anaconda3\Scripts;D:\Anaconda\Anaconda3;F:\XFTP\;F:\Xmanager\;D:\AndroidSDK\Android\android-sdk\tools;D:\AndroidSDK\Android\android-sdk\platform-tools;F:\Python\Scripts\;F:\Python\;C:\Users\HP\AppData\Local\Microsoft\WindowsApps;F:\pycharm\PyCharm Community Edition 2019.2.2\bin;;C:\Users\HP\AppData\Roaming\npm;F:\VScode\Microsoft VS Code\bin;F:\Fiddler;C:\Users\HP\AppData\Local\Microsoft\WindowsApps;F:\pycharm\PyCharm 2021.3.2\bin;;."/>
    <property name="java.vm.info" value="mixed mode"/>
    <property name="java.vendor" value="Oracle Corporation"/>
    <property name="java.vm.version" value="25.181-b13"/>
    <property name="java.ext.dirs" value="C:\Program Files\Java\jdk1.8.0_181\jre\lib\ext;C:\WINDOWS\Sun\Java\lib\ext"/>
    <property name="sun.io.unicode.encoding" value="UnicodeLittle"/>
    <property name="maven.repo.local" value="F:\Maven\.m2\repository"/>
    <property name="java.class.version" value="52.0"/>
  </properties>
  <testcase name="shouldAnswerWithTrue" classname="ncepu.lykkk.exercise.AppTest" time="0.001"/>
</testsuite>